TN:
SF:src/App.tsx
FN:6,(anonymous_1)
FN:10,(anonymous_2)
FNF:2
FNH:0
FNDA:0,(anonymous_1)
FNDA:0,(anonymous_2)
DA:1,0
DA:2,0
DA:3,0
DA:7,0
DA:11,0
DA:21,0
LF:6
LH:0
BRF:0
BRH:0
end_of_record
TN:
SF:src/main.tsx
FNF:0
FNH:0
DA:1,0
DA:2,0
DA:3,0
DA:4,0
DA:6,0
LF:5
LH:0
BRF:0
BRH:0
end_of_record
TN:
SF:src/components/appRouter/appRouter.tsx
FN:13,(anonymous_1)
FN:23,(anonymous_2)
FN:27,(anonymous_3)
FNF:3
FNH:0
FNDA:0,(anonymous_1)
FNDA:0,(anonymous_2)
FNDA:0,(anonymous_3)
DA:3,0
DA:4,0
DA:5,0
DA:6,0
DA:7,0
DA:8,0
DA:14,0
DA:16,0
DA:20,0
DA:24,0
DA:28,0
DA:41,0
LF:12
LH:0
BRF:0
BRH:0
end_of_record
TN:
SF:src/components/buttons/cardButton.tsx
FN:5,(anonymous_1)
FN:9,(anonymous_2)
FNF:2
FNH:2
FNDA:49,(anonymous_1)
FNDA:49,(anonymous_2)
DA:2,2
DA:6,49
DA:10,49
DA:18,2
LF:4
LH:4
BRF:0
BRH:0
end_of_record
TN:
SF:src/components/cards/card.tsx
FN:9,(anonymous_1)
FN:13,(anonymous_2)
FNF:2
FNH:2
FNDA:49,(anonymous_1)
FNDA:49,(anonymous_2)
DA:2,2
DA:3,2
DA:4,2
DA:5,2
DA:6,2
DA:10,49
DA:14,49
DA:30,2
LF:8
LH:8
BRF:0
BRH:0
end_of_record
TN:
SF:src/components/cards/cardContainer/cardsContainer.tsx
FN:6,(anonymous_1)
FN:10,(anonymous_2)
FN:13,(anonymous_3)
FN:20,(anonymous_4)
FN:23,(anonymous_5)
FNF:5
FNH:5
FNDA:2,(anonymous_1)
FNDA:2,(anonymous_2)
FNDA:48,(anonymous_3)
FNDA:2,(anonymous_4)
FNDA:48,(anonymous_5)
DA:1,1
DA:2,1
DA:3,1
DA:7,2
DA:11,2
DA:12,2
DA:14,48
DA:21,2
DA:24,48
DA:31,1
LF:10
LH:10
BRDA:14,0,0,48
BRDA:14,0,1,0
BRDA:14,0,2,0
BRF:3
BRH:1
end_of_record
TN:
SF:src/components/cards/cardImg/cardImg.tsx
FN:5,(anonymous_1)
FN:9,(anonymous_2)
FN:14,(anonymous_3)
FN:21,(anonymous_4)
FNF:4
FNH:4
FNDA:55,(anonymous_1)
FNDA:55,(anonymous_2)
FNDA:55,(anonymous_3)
FNDA:55,(anonymous_4)
DA:2,3
DA:6,55
DA:10,55
DA:11,55
DA:15,55
DA:16,55
DA:17,37
DA:22,55
DA:36,3
LF:9
LH:9
BRDA:10,0,0,51
BRDA:10,0,1,4
BRDA:10,1,0,55
BRDA:10,1,1,53
BRDA:16,2,0,37
BRDA:16,3,0,55
BRDA:16,3,1,41
BRF:7
BRH:7
end_of_record
TN:
SF:src/components/cards/cardPrice/cardPrice.tsx
FN:6,(anonymous_1)
FN:13,(anonymous_2)
FN:23,(anonymous_3)
FN:27,(anonymous_4)
FN:31,(anonymous_5)
FN:46,(anonymous_6)
FN:50,(anonymous_7)
FNF:7
FNH:7
FNDA:54,(anonymous_1)
FNDA:86,(anonymous_2)
FNDA:35,(anonymous_3)
FNDA:54,(anonymous_4)
FNDA:54,(anonymous_5)
FNDA:54,(anonymous_6)
FNDA:54,(anonymous_7)
DA:1,3
DA:7,54
DA:9,54
DA:10,54
DA:14,86
DA:15,86
DA:24,35
DA:28,54
DA:32,54
DA:33,51
DA:34,35
DA:43,16
DA:47,54
DA:51,54
DA:59,3
LF:15
LH:15
BRDA:28,0,0,54
BRDA:28,0,1,52
BRDA:32,1,0,3
BRDA:33,2,0,35
BRDA:47,3,0,54
BRDA:47,3,1,37
BRF:6
BRH:6
end_of_record
TN:
SF:src/components/cards/cardStock/cardStock.tsx
FN:4,(anonymous_1)
FN:8,(anonymous_2)
FN:16,(anonymous_3)
FNF:3
FNH:3
FNDA:55,(anonymous_1)
FNDA:55,(anonymous_2)
FNDA:55,(anonymous_3)
DA:1,3
DA:5,55
DA:9,55
DA:11,55
DA:12,52
DA:13,4
DA:17,55
DA:21,3
LF:8
LH:8
BRDA:11,0,0,3
BRDA:12,1,0,48
BRF:2
BRH:2
end_of_record
TN:
SF:src/components/input/search.tsx
FN:5,(anonymous_6)
FN:9,(anonymous_7)
FN:14,(anonymous_8)
FN:21,(anonymous_9)
FNF:4
FNH:0
FNDA:0,(anonymous_6)
FNDA:0,(anonymous_7)
FNDA:0,(anonymous_8)
FNDA:0,(anonymous_9)
DA:2,0
DA:6,0
DA:10,0
DA:11,0
DA:15,0
DA:22,0
DA:29,0
LF:7
LH:0
BRDA:11,0,0,0
BRDA:11,0,1,0
BRF:2
BRH:0
end_of_record
TN:
SF:src/components/layout/layout.tsx
FN:8,(anonymous_1)
FN:12,(anonymous_2)
FNF:2
FNH:0
FNDA:0,(anonymous_1)
FNDA:0,(anonymous_2)
DA:1,0
DA:2,0
DA:4,0
DA:5,0
DA:9,0
DA:13,0
DA:25,0
LF:7
LH:0
BRF:0
BRH:0
end_of_record
TN:
SF:src/components/layout/footer/footer.tsx
FN:4,(anonymous_1)
FN:8,(anonymous_2)
FNF:2
FNH:0
FNDA:0,(anonymous_1)
FNDA:0,(anonymous_2)
DA:1,0
DA:5,0
DA:9,0
DA:13,0
LF:4
LH:0
BRF:0
BRH:0
end_of_record
TN:
SF:src/components/layout/header/header.tsx
FN:6,(anonymous_1)
FN:10,(anonymous_2)
FNF:2
FNH:0
FNDA:0,(anonymous_1)
FNDA:0,(anonymous_2)
DA:2,0
DA:3,0
DA:7,0
DA:11,0
DA:21,0
LF:5
LH:0
BRF:0
BRH:0
end_of_record
TN:
SF:src/components/nav/nav.tsx
FN:7,(anonymous_1)
FN:11,(anonymous_2)
FNF:2
FNH:0
FNDA:0,(anonymous_1)
FNDA:0,(anonymous_2)
DA:3,0
DA:4,0
DA:8,0
DA:12,0
DA:25,0
LF:5
LH:0
BRF:0
BRH:0
end_of_record
TN:
SF:src/pages/aboutPage.tsx
FN:6,(anonymous_1)
FNF:1
FNH:0
FNDA:0,(anonymous_1)
DA:3,0
DA:7,0
DA:11,0
LF:3
LH:0
BRF:0
BRH:0
end_of_record
TN:
SF:src/pages/errorPage.tsx
FN:6,(anonymous_1)
FNF:1
FNH:0
FNDA:0,(anonymous_1)
DA:3,0
DA:7,0
DA:11,0
LF:3
LH:0
BRF:0
BRH:0
end_of_record
TN:
SF:src/pages/mainPage.tsx
FN:11,(anonymous_1)
FN:21,(anonymous_2)
FN:25,(anonymous_3)
FN:29,(anonymous_4)
FNF:4
FNH:0
FNDA:0,(anonymous_1)
FNDA:0,(anonymous_2)
FNDA:0,(anonymous_3)
FNDA:0,(anonymous_4)
DA:1,0
DA:2,0
DA:5,0
DA:6,0
DA:12,0
DA:14,0
DA:18,0
DA:22,0
DA:26,0
DA:30,0
DA:39,0
LF:11
LH:0
BRF:0
BRH:0
end_of_record
TN:
SF:src/pages/page.tsx
FN:8,(anonymous_1)
FN:13,(anonymous_2)
FN:17,(anonymous_3)
FNF:3
FNH:0
FNDA:0,(anonymous_1)
FNDA:0,(anonymous_2)
FNDA:0,(anonymous_3)
DA:2,0
DA:9,0
DA:10,0
DA:14,0
DA:18,0
DA:26,0
LF:6
LH:0
BRF:0
BRH:0
end_of_record
